205
4414 16
77623 81198 78320 81791 39579 24365 67599 48687 28444 58123 31910 97710 40247 11949 51962 76827 
865 14
89955 54672 41267 27572 16587 29573 25818 17136 15847 74637 57400 36245 71092 81853 
922 18
50868 68499 62103 71434 36050 17816 50062 66521 72205 74350 22353 83813 61750 83719 97801 6849 84214 89928 
8931 20
79669 64479 51296 73278 14270 99045 48430 14462 68618 9389 85129 30542 19568 95780 78860 56908 5681 46470 73422 44975 
6329 15
60584 50951 85230 66581 42841 99299 10201 43770 74503 53143 92581 3561 6403 99047 91187 
8197 18
80914 77716 52385 52458 15157 39853 3862 5312 37357 33998 10863 63943 67454 38096 37962 48927 77277 720 
6192 11
92404 81389 19099 75751 92686 24856 71704 10423 5424 96932 62684 
306 17
44603 11569 30270 58274 60850 32347 30292 61543 5943 76188 70272 41533 24605 70694 42107 73487 60065 
1856 15
72598 58053 86909 21384 93539 45182 9312 72030 89860 89652 48493 53164 76732 2765 76259 
7932 11
21573 87456 63801 302 72354 96524 68868 5639 80067 60846 63422 
1760 10
28953 46805 82880 58487 40929 22422 14830 49620 39132 5901 
8601 10
75173 74182 27514 66301 44672 26922 862 54949 49002 21256 
3785 18
74589 16133 78712 10155 35220 92936 83734 31957 87922 50592 57074 22833 59935 66502 56971 45841 40279 88880 
6689 20
15500 28685 24539 91585 32064 27530 22298 33352 72417 41374 54753 2589 24598 21074 68814 56360 15825 38358 60721 45742 
7663 20
13453 30796 32816 61348 34881 87819 97141 34679 42858 53745 65101 6206 11499 52184 10202 82013 82678 58342 46485 27279 
4258 20
64174 73682 72443 24813 72057 92565 10122 78634 14581 99049 80478 36295 25755 78470 37481 76642 23455 79099 32162 28036 
5272 17
82744 50995 8396 44610 79790 37519 38740 37339 49264 52185 83652 18631 14946 54677 26000 6228 37152 
7362 19
44863 25474 37403 65453 19352 41627 20268 57354 69386 18756 7678 90788 3232 98195 21542 33847 57617 30868 11412 
3143 17
60822 93548 68253 42561 9431 88731 94576 30071 84221 17543 32051 62130 45143 18534 59583 42649 37235 
2912 17
6611 26649 60397 69675 45702 59692 38389 36564 61767 87080 46472 35484 82015 42669 95060 9181 35724 
1966 17
60672 42289 8523 44201 18759 83275 14222 57809 78308 51362 83505 22877 89946 32503 79121 69105 96754 
9554 12
25718 19071 49449 16026 93097 65830 44328 82401 52112 37687 65280 24647 
9009 20
98436 90468 90868 35006 61044 93609 28599 81625 17820 5182 48776 75540 8998 26898 73973 7107 80671 20148 59229 98025 
1241 19
33262 47856 34500 90313 99029 38480 64170 58465 86125 32832 67054 6017 22364 30381 25953 31753 7283 35438 29536 
9155 17
43139 71401 76957 66101 49110 34791 97324 80182 77504 72818 42406 82358 79534 94994 79888 12719 66601 
9732 19
50564 23923 97694 97489 5122 21619 16150 23745 30621 27469 14832 91031 59657 46395 45457 25547 68587 70399 34279 
5714 18
55478 34256 97920 99531 6833 26130 46047 14848 40978 40348 73113 83822 4350 72671 35373 71169 46901 97934 
4106 16
45410 8488 10172 32081 62699 91470 52055 84662 45631 60014 28660 74113 44682 4571 30996 20739 
8871 20
3231 54623 77712 12315 21236 1221 22043 1029 37707 75716 59423 11833 44006 14111 2013 12814 54889 33317 22656 93051 
938 17
65945 19821 88994 58567 97224 88373 68767 52667 95690 86730 25333 40342 96197 63648 63140 60787 59728 
6277 16
38283 36900 80304 31178 19770 67239 14576 96071 22942 24975 78484 74588 7871 96051 79942 20523 
7678 12
4385 62822 825 70912 37948 71698 67176 97771 18129 96810 73828 79359 
9579 15
49204 67596 53771 91347 27728 80384 6803 18883 78935 85529 45601 82092 80247 88350 89824 
1710 20
88922 18689 12570 70407 87138 40172 97475 79794 16624 8315 54573 49003 24420 28593 82128 72811 81702 87730 23575 69544 
7176 16
3277 42889 93829 78369 72931 27551 74398 62038 12423 52095 64301 12702 65034 26211 38144 52771 
7794 17
63276 45017 34555 86671 51994 87669 55377 36270 26148 99225 724 52235 78504 91529 74812 40631 45367 
2140 19
33375 53975 99635 31007 16729 44281 48255 1216 92186 74569 32349 96257 49034 21656 34067 51199 61889 11014 68277 
1841 20
2761 47022 89534 99961 66478 84061 8138 3036 31189 95102 57389 37199 92269 76892 6586 10323 77503 9497 21689 90937 
6927 17
1595 84406 35699 32480 59811 81314 69966 28473 62601 93604 81958 67157 97377 7163 39153 99067 20955 
7775 14
75428 16062 90698 95467 92260 92727 92500 64631 84415 65314 12252 17638 10611 49803 
8521 20
72412 94592 6293 75115 45102 53094 98065 92700 55003 66555 14317 52981 9525 3523 5922 86374 86004 49863 83416 64176 
4666 16
99392 61747 17881 62627 59870 55401 14471 82849 63096 95333 59496 87540 961 77153 11975 40896 
1209 20
15166 90164 38776 91337 42770 57637 67779 46156 58099 86065 80743 82260 74452 28900 38583 67727 26356 46711 2502 13140 
3135 20
6834 29980 46807 69457 11580 90071 17376 61172 88937 85225 47306 20169 40743 91685 25826 35450 25132 32099 50172 31679 
3313 19
12670 15393 54001 13500 86764 29372 97791 76838 27145 61534 69247 55400 16056 27001 78315 21240 39101 29810 15087 
6563 19
26140 20633 27464 71702 2605 21706 31973 47941 73164 32694 13906 39666 2734 29745 33402 19889 7148 68321 1096 
7833 20
96292 28929 82706 65603 77924 951 55296 17284 76171 25955 6455 13335 27970 13413 28263 75439 15040 81100 80729 48921 
7072 19
72820 97556 96889 90714 14344 28666 73842 80706 26289 52746 23931 95521 60880 96718 3659 39286 17708 95736 23190 
1032 16
60482 77358 15345 63114 89923 80891 77244 43760 25646 36786 58725 85180 97619 84530 63819 88718 
1882 14
56135 35274 79300 31639 8210 7095 1039 70036 1115 48184 94606 40602 87432 23765 
6862 15
33443 82425 711 96425 82992 32800 11590 19722 10141 64518 59929 58296 9318 61373 449 
226 20
20514 1954 83398 41896 31614 7484 42972 45513 81207 77675 3913 3695 5523 90399 47086 50448 39376 23681 32160 35050 
7053 17
30912 94799 23647 2170 10807 62851 10115 32436 38441 39059 19720 30609 98355 83631 77455 15532 14725 
7823 13
12201 36717 1341 16731 22647 45769 61716 54319 50974 71873 81343 61273 13575 
1309 18
19891 58473 93894 21555 11832 53388 33092 816 84598 7004 15591 56690 17684 95145 36064 88747 88895 91709 
2597 15
88061 18984 64656 31858 98077 61243 75780 20312 16824 17375 44459 23935 5610 84153 26716 
6531 18
69392 84146 51055 30664 18748 64073 35674 59490 39508 22740 6040 36079 49846 7555 21594 86030 52518 54917 
1683 19
28803 65612 16740 24291 74641 87175 20579 62990 99745 26936 55987 11831 95226 69275 76241 71602 26994 97826 99563 
2115 20
28285 99988 54155 36470 62652 72783 3811 82299 50089 44940 40196 67550 99970 30329 70698 56731 52372 631 56546 57393 
4385 17
75577 74939 80159 50818 79743 50682 88383 93110 77536 1387 27385 65797 56812 15541 82820 64225 87882 
5497 12
70733 39649 32412 94812 96473 95913 12495 3912 56333 14403 5899 30952 
7164 20
43695 32675 1126 15824 4667 89788 59655 92743 11969 26683 1665 11250 51026 22616 11034 93598 46932 51927 88532 16300 
8415 20
76527 99057 30125 39777 75736 69499 33500 49044 91987 72796 67938 58378 84351 60657 12713 22281 35542 95206 64311 49937 
9821 20
50004 95071 98068 77756 13743 78544 81806 56717 47720 58818 39084 93674 21714 32324 91297 59651 63571 39547 63208 53120 
702 19
6752 53665 17159 65673 36016 4699 48953 71931 37819 24519 96676 54266 41921 9467 3032 71536 48944 99195 87431 
6311 9
32713 31774 71354 25522 64873 84545 38003 46479 27773 
4451 15
18960 86801 27989 44298 79238 68683 90828 82748 73365 9740 24661 35019 90999 73767 76468 
6793 16
31062 17817 28348 57183 93306 77295 19311 35889 11329 67385 42097 33019 6450 79152 74394 5382 
2870 12
5573 67332 86167 76625 79208 39970 1729 56488 14286 59667 19484 18010 
4910 16
22869 37280 53689 90800 53152 38662 93062 26956 37 41039 99710 64214 92535 16659 6414 18145 
9449 17
34502 24686 70835 36389 41236 24837 63518 61319 36705 91385 41342 8497 33921 38176 66817 30370 53333 
4087 20
78017 82600 8789 9658 30611 66009 83784 57814 47446 69776 97103 14835 47233 44485 23972 59188 60783 28038 86074 62294 
9131 14
52043 88764 51155 64699 27418 80495 37586 71325 48279 4671 32226 79270 95799 35854 
4167 13
94237 22699 13684 25476 31950 47480 66048 6151 35325 18217 6949 13012 69403 
6227 15
53010 61960 96366 82730 46256 68989 36976 10208 92427 87582 62424 48946 53172 18066 13578 
2620 16
17121 52593 67750 27911 3264 12170 21450 60186 17587 62107 13272 72105 24561 85374 81862 72979 
3389 16
5180 8427 58556 87306 31824 94411 1016 45696 78257 97209 68806 63199 6819 54397 19603 2782 
2903 13
60436 42045 11766 59930 88238 48988 97648 40107 20620 35256 49051 78586 8868 
4312 15
64507 48902 36515 94750 731 99058 1857 17978 12108 40563 95081 99543 98144 32165 68283 
9294 20
57295 33522 87581 59429 54341 48181 37479 747 37909 57516 7009 89243 42870 97076 68640 23597 96726 16973 72711 42080 
6464 18
19163 8972 7421 42093 88610 51166 66338 84763 7568 70117 37271 42483 49221 73743 71231 58880 73781 78557 
3378 14
69945 87002 53311 3654 28485 96466 97709 83590 55307 62647 47958 86986 57628 22092 
7860 19
70323 34841 420 42738 70194 10683 9732 53950 50291 47710 19307 59875 75104 36445 3402 41569 84469 24305 48240 
1498 16
42444 26729 84639 79898 52145 66540 85665 99685 46422 4124 88660 4659 52743 41073 56904 76348 
5976 18
81024 62355 94728 93075 8035 92371 67125 24007 95448 47882 85206 82514 49353 41288 46837 37735 97001 9873 
9904 19
1365 87616 56766 12052 6926 97407 55094 45664 99085 89381 57075 63631 30703 6235 53117 24338 25066 3549 43274 
5123 18
60536 26371 35623 32289 47057 18712 87570 44326 33095 44 19589 4620 87725 73875 94583 31182 22311 68230 
821 17
63960 94072 4164 75843 3292 88786 25530 76680 94353 82006 88541 6047 37031 39568 78254 48315 24868 
8421 16
70429 28000 84434 71667 48163 17067 11207 35124 44412 27724 76651 47716 12522 2138 24409 15046 
1793 15
20194 12118 39114 50 95737 51461 91147 66053 61495 78211 11271 27232 26363 82374 7526 
7690 12
45172 63047 40261 3293 35839 63904 33334 29360 69311 62736 49590 96240 
2703 17
68548 59556 35062 70683 96945 48793 95526 22680 97736 50817 35603 56131 77725 35143 75411 33571 76451 
1298 17
75556 20610 91395 78054 42801 71548 61899 17089 27229 777 18622 44073 61009 3430 60703 81228 65581 
324 14
33810 49622 45972 92172 72771 10291 4785 65373 11697 77340 66211 97225 71708 65996 
6880 16
41068 1092 95369 13904 22515 28637 92755 29025 90080 96609 1372 82537 86510 74745 57533 78965 
6099 16
60308 67503 98075 68465 39635 19825 51534 10602 59683 56736 51265 59527 27595 85515 44700 58905 
8966 15
62014 17479 64356 93054 59314 20435 90736 38521 34367 11712 41206 68778 75595 99749 2517 
2094 19
33503 14588 48468 94298 30639 69442 60462 42579 440 8193 8563 33218 14668 86457 94594 17621 54561 19098 35843 
3473 15
2789 87775 56850 95151 29757 69252 89557 23666 16736 32208 97635 28388 74712 58628 34460 
2596 18
27542 8770 34838 76435 99463 99555 92388 85984 61967 55132 62448 77235 81132 39432 27348 13673 89768 7317 
8430 20
10029 15640 47508 25098 73008 93468 76893 93758 25295 2840 309 19526 83615 35641 4163 4944 73818 10110 59317 39698 
1756 16
57180 95040 64523 79460 25855 39911 19767 4896 74094 50938 19765 24855 40388 7858 16919 37752 
6437 13
16788 52582 41552 45772 26586 49525 44744 25485 35917 19228 50328 6701 73674 
6831 15
83108 39934 97591 98655 61540 71665 2046 56917 16931 90174 75823 83952 34782 63498 18500 
6123 15
8440 82490 51409 96168 71816 36020 22709 11909 95923 84277 91411 45304 4261 98942 12683 
6195 14
44075 77187 8583 13198 16203 61362 58860 65043 70785 67422 81290 59987 36386 85496 
9640 19
39013 58042 95692 36336 58271 92356 3968 32516 58348 19498 49148 1995 76196 82354 64954 10865 32905 52388 72330 
4744 17
61727 72262 88959 59853 97702 38011 63913 2063 54244 23418 9196 94195 84933 13520 53211 55476 63086 
7635 13
18658 14257 42724 36300 14519 68143 14758 25439 60794 62681 86201 96439 19537 
151 19
77181 71380 51752 80806 38722 79395 88713 52988 8997 51485 45838 90385 65393 96716 3581 71319 4080 7135 32877 
3147 20
13856 66151 49251 86918 19203 86080 65986 95372 2318 16008 33718 58389 10737 14779 53785 68113 44216 99293 38394 95666 
3484 19
23368 30009 69280 22799 39270 54283 93693 15203 34441 27683 12237 6600 79837 71758 25798 14935 30731 6617 5264 
7023 14
58811 40193 48048 7571 74895 84616 20795 68000 22596 72084 3809 10781 56413 35346 
5635 18
23086 50090 76916 37473 85062 13394 21248 57236 32143 72732 60210 25642 61221 54205 58156 86870 43377 71504 
1362 12
67810 6294 18281 29277 230 73931 9594 33033 50782 59183 23576 16381 
7111 19
80400 54124 20395 31942 14747 59436 56152 17912 27161 11814 60375 99363 21527 68749 30096 7380 73379 31657 46877 
2941 16
6628 87413 88228 66681 99409 39976 23637 39396 93261 84005 83131 4640 74413 48683 60521 26702 
3691 19
14220 11485 97037 65137 72906 27638 20903 43392 27344 31459 6374 74814 10688 25828 2121 41646 79731 66869 9338 
5311 18
76763 31674 40337 26765 5980 66267 56186 81510 41168 71301 75001 37385 82953 52285 85283 27 47594 88308 
352 17
93988 42321 55062 84745 43463 34317 91416 83094 24466 80885 15183 51758 28700 93909 52633 37959 30431 
2929 17
87204 54481 70385 21993 58328 91547 136 81535 35499 46862 43243 38703 30469 38518 44911 27023 27465 
2202 14
69631 70179 41996 78099 34272 83847 57138 32170 59895 62225 10695 61811 58313 37238 
3527 15
22122 48576 7574 69995 19681 41092 96363 46547 6661 8373 62743 68658 53099 42170 41299 
4207 19
31328 3687 47688 43579 67657 20689 55892 34746 74505 55547 73208 84791 53111 38254 48940 20916 16671 93640 7401 
9092 14
14305 50047 61446 4727 83350 43902 33002 59636 14736 52279 39395 56179 70866 27133 
5450 20
53725 29993 15446 56603 77409 65428 23928 72058 63132 71235 14522 53752 38670 57238 59419 68959 52840 22566 82616 57511 
4246 18
64689 81796 67222 59780 38259 42037 53527 44035 66005 32000 84822 4405 8708 21451 75618 23821 9858 79660 
5695 15
97536 29776 17485 99533 53145 44162 95640 97966 47200 18147 62794 79721 62670 84961 74870 
3406 20
91345 33196 36740 2838 66604 84299 82683 77535 86556 37390 3749 53507 82917 55139 2525 67680 86708 28551 39556 22649 
9182 18
58196 22630 69375 90723 83200 95891 53019 37440 70696 85098 74689 31401 70878 93808 30453 44973 90879 58359 
7714 17
27453 49446 35571 3957 39886 89858 66748 11332 63537 64272 3644 17161 5195 80214 66942 79069 57225 
3082 19
99318 47329 87532 15789 34061 29097 34409 38318 18826 45221 20974 66131 69041 22078 67180 79929 69563 47959 95073 
1040 13
39450 5607 49837 62478 48977 26937 95245 68339 18575 47064 9886 35980 77835 
4478 11
57259 61539 91234 59567 52920 57375 85620 58538 23678 98562 26934 
677 15
85009 66122 51612 89677 92192 21576 99413 31097 82402 96876 56018 73961 67937 82422 11126 
7619 16
75133 52003 11058 3053 8860 1411 80029 36466 99100 87752 51154 59156 90443 91238 89980 87783 
8181 19
40430 56597 37489 29408 59532 74272 23141 52171 7259 34337 56979 49564 83126 80560 45999 76450 15098 39996 82963 
9733 16
4715 46377 73503 52738 25678 77857 14939 55530 58337 16989 55543 48043 90923 38374 58005 39173 
7209 15
83640 38857 67785 80293 41189 81012 62167 46742 23784 43253 48511 24795 89336 34765 35828 
5239 20
99630 84346 20909 84030 32705 85295 77815 48604 77922 77807 60645 31060 72887 78457 40472 84253 60165 98401 93034 96215 
3445 19
61680 44515 21852 54121 34801 38675 81792 96884 64997 4035 51247 37423 85296 86625 33382 42696 4892 27253 66283 
8097 14
12735 92386 98825 10954 44569 83659 95897 78482 28845 26962 17297 96147 98838 49198 
4602 9
34127 22144 98480 8244 40654 25664 59639 21588 50556 
7741 19
18092 41997 56165 41489 82609 16857 45832 36635 84681 91219 29353 33656 87028 20515 21046 47448 18161 90671 17677 
3906 12
49262 91591 45066 67311 1949 8468 36478 6030 55817 94329 87685 83516 
9436 18
16117 10436 83452 72877 46967 59163 96533 38650 9161 19172 13433 21388 32535 67395 11410 77664 89190 2878 
854 20
59377 95779 5310 30572 78498 59064 59807 38894 40915 81781 22817 20317 70000 24645 92231 41059 46127 68050 99670 41186 
4019 19
17988 97287 86048 70984 57610 97352 28194 22638 45883 11158 93507 4418 8242 68577 77622 73502 24748 75900 46896 
4699 16
41313 881 48379 58558 97807 58891 82533 57696 5803 56365 35151 35276 30350 97490 1986 13215 
6557 17
50806 30450 55671 98083 28824 37817 90332 65337 3157 74439 88022 17468 98765 66960 18995 15401 60253 
4878 15
82697 46548 16343 84485 2317 25188 54147 59175 82037 16640 49915 22222 90609 36546 36562 
9221 19
84026 88738 8245 93774 86722 88825 83297 90500 29873 52725 25306 70487 24514 74554 26344 67088 19985 57012 76388 
8990 17
28869 69327 41936 18965 44659 24370 1911 68832 4207 59820 61148 53043 79269 33864 30978 63435 74446 
4991 12
99227 65617 40319 12143 65955 29939 32386 8806 11289 52266 71099 94539 
8787 14
58973 50275 62665 14214 67196 36370 97423 14193 98807 28925 43430 25325 24472 37739 
2644 19
91944 43777 27945 6193 4356 21544 86734 35476 45285 45494 84739 35291 53516 25096 8260 86827 76246 25465 45568 
805 13
27115 87849 50852 97775 44657 72013 47300 63022 50790 77582 75569 94485 11921 
2762 19
11579 61888 80991 79870 5100 98228 97493 97191 35912 64328 41243 88859 64425 51939 64889 41582 60104 25305 91667 
1011 18
46584 35728 64775 22084 45988 72935 88971 76471 64884 29824 32947 3368 34913 46639 81956 66862 94724 86162 
1798 16
62253 3645 66964 93856 57767 90897 84099 74192 49073 58963 95169 64366 28009 30122 17721 44594 
5865 12
29822 14027 28954 58996 31929 23960 20325 66779 63840 89213 38326 60550 
8114 16
9080 22604 18536 74742 835 33419 5536 21459 2906 11472 7062 47504 16507 72649 82440 66413 
6199 16
35333 87878 57607 36955 22697 65090 29741 65281 1336 98086 96845 44224 84358 22032 13104 38996 
9747 16
7418 10531 19882 37608 91822 6825 61586 44566 74992 63437 5984 96639 40105 9455 85530 13836 
148 20
95553 36932 24662 31811 29002 27152 48041 39506 78251 19015 58781 20919 62178 54912 80395 1799 38119 87691 73136 74244 
5608 20
77010 31023 72801 19034 81161 31736 25460 88551 77270 66487 5011 91541 95222 77152 83487 80381 47547 80523 27604 55890 
1467 20
27577 57733 87808 58250 57443 97590 21414 37446 49195 95398 13654 19561 18448 76964 77946 68974 14235 48893 79717 36960 
6796 17
62000 35025 88961 84836 12280 87744 77659 75142 44539 55624 42679 81923 62617 80771 42684 95671 87322 
9083 17
64502 83883 44722 95793 56694 59202 87954 73373 42921 43505 6584 40282 88035 61835 18163 83084 86690 
5970 18
36938 30275 23151 4283 46606 7717 12873 84228 1673 75568 1606 19756 80479 56309 9378 89427 72150 80688 
4798 12
63031 17631 85777 36368 11259 31668 20854 75410 45710 4884 3629 20972 
8884 18
68993 94654 55880 6991 12151 22326 82713 42053 96767 67226 20310 36919 11645 3550 26684 63572 59177 90230 
7588 13
77317 96929 31641 12516 86414 91954 99210 99026 92177 21726 85330 69406 13340 
4239 19
66500 41561 38862 56899 95436 96547 82755 65491 14163 30504 64173 73663 54302 27459 11778 72470 8835 72788 83856 
6650 19
48210 39747 40209 35527 68771 48680 76938 48965 45180 71887 24654 20578 65651 19097 66902 61723 89785 95778 89954 
9066 19
47537 49881 17606 68939 58568 57252 9903 66404 89128 53453 16172 86419 1232 78821 73467 86606 11625 80719 66300 
9963 19
47722 9928 35723 3471 99824 27003 1914 34741 23537 32448 55717 43895 13159 74257 11101 51392 13534 66242 54749 
5621 16
94534 3209 34928 78307 80098 45934 59919 91081 12746 14822 27127 4633 60026 7845 52140 32620 
7088 20
23859 42986 45307 97301 4075 85703 58188 42899 10166 29514 8631 57061 67545 24928 21222 27839 75544 27637 8412 94375 
4431 20
14772 38796 57498 79125 45797 55444 41337 18859 27275 74076 5799 86464 91132 17664 41381 63847 7277 60032 28784 55114 
6921 17
15240 26852 55541 85198 74214 41908 47303 80205 19666 91838 90760 2837 39108 97168 4337 14799 30342 
3864 17
74442 63413 97315 56220 28117 66377 10098 15124 41335 11320 42194 31511 20157 74124 31019 40530 62138 
7905 17
72148 91056 98647 26685 29799 55024 22070 95833 53716 72152 22184 60154 19406 26881 78412 75570 39991 
7438 17
60101 39760 89848 7093 82920 74677 50115 68645 86426 85581 51686 42865 35463 1137 43162 76815 92491 
9937 19
65351 33274 93406 80626 67641 27017 8300 80087 23664 64210 16797 73695 93635 19533 71638 32255 55483 93171 86547 
5660 18
86518 3469 2403 24330 69632 52943 45437 35743 95323 76460 85486 65905 52548 27474 1565 69159 65059 15445 
3629 20
24513 44889 26714 789 16242 4753 68531 88364 70113 99147 93128 12758 6044 5300 66715 64501 72472 51851 5750 21168 
3205 20
67438 84068 72304 82634 42953 69228 76807 69207 56958 71591 96931 40700 78036 20758 48744 54008 809 34194 89005 30243 
560 15
494 6850 41064 72904 7354 43582 44992 81657 18659 50900 87742 51380 15010 31826 13308 
6153 18
9862 29233 60960 21525 72700 16235 51064 69519 26120 75433 84343 66107 99823 74845 66858 42225 66969 3584 
6528 17
52222 31839 8991 89483 44540 56565 7474 94286 15264 13492 26612 19149 95983 75647 47273 50675 25347 
4214 19
88932 73820 86503 60102 53206 74644 89105 4781 51564 76415 9893 51192 35921 51351 45593 90447 4888 12852 54352 
7197 19
17486 23852 85002 32052 47711 29183 22905 50884 57825 35493 37221 57881 60373 70548 9789 45087 40527 79354 33752 
4192 18
20647 74112 54038 84687 23617 81774 65987 33208 50428 46225 44188 2994 32697 21650 8220 23977 15914 20439 
5594 19
30155 43980 82144 17826 79497 66616 49079 10587 82518 59137 58893 12627 86297 83240 83333 2107 34487 34552 98909 
3952 19
96668 61292 38080 9380 49523 6970 14085 23289 51548 69110 41835 79806 89937 62125 52156 2183 22188 377 82666 
7124 16
11559 76659 66112 47497 43774 63152 72194 15911 15534 78852 95164 33815 80820 84187 54052 50099 
7810 16
34426 47781 77549 95900 86380 60606 78198 24952 56099 17291 15671 42036 63098 14957 42262 25996 
4751 20
41838 26378 13108 71915 42928 17207 72919 75845 83106 63291 74636 17386 66529 61082 44506 79991 89530 59239 83790 57088 
4904 14
39931 19910 9774 14852 24191 65873 69419 64382 85045 2168 14773 94890 75519 92838 
5436 15
98597 73637 86761 60378 85139 11895 52460 62187 82090 20883 7583 37888 29496 52564 79518 
1590 19
39080 75650 16264 67334 27041 8255 83061 2770 22519 90864 80717 9828 74549 10382 2134 23648 42873 44930 91546 
3548 11
62046 72581 69461 49240 15037 18494 98495 85798 43615 7620 40089 
3202 13
22439 33477 34677 91975 62991 9868 78302 14449 40329 85328 77943 53811 40153 
6550 19
16395 57527 85050 57286 80912 33058 12759 63103 93066 7958 97857 11530 65313 49892 31067 35700 10051 97138 94970 
